g:\year 2 semester 2\advanced programming\acw_template\x64\debug\vc141.pdb
g:\year 2 semester 2\advanced programming\acw_template\x64\debug\vc141.idb
g:\year 2 semester 2\advanced programming\acw_template\x64\debug\nodes.obj
g:\year 2 semester 2\advanced programming\acw_template\x64\debug\arc.obj
\\adir.hull.ac.uk\home\561\561298\year 2 semester 2\advanced programming\acw_template\x64\debug\vc141.pdb
\\adir.hull.ac.uk\home\561\561298\year 2 semester 2\advanced programming\acw_template\x64\debug\vc141.idb
\\adir.hull.ac.uk\home\561\561298\year 2 semester 2\advanced programming\acw_template\x64\debug\nodes.obj
\\adir.hull.ac.uk\home\561\561298\year 2 semester 2\advanced programming\acw_template\x64\debug\navigation.obj
\\adir.hull.ac.uk\home\561\561298\year 2 semester 2\advanced programming\acw_template\x64\debug\main.obj
\\adir.hull.ac.uk\home\561\561298\year 2 semester 2\advanced programming\acw_template\x64\debug\arc.obj
\\adir.hull.ac.uk\home\561\561298\year 2 semester 2\advanced programming\acw_template\x64\debug\acw_template.exe
\\adir.hull.ac.uk\home\561\561298\year 2 semester 2\advanced programming\acw_template\x64\debug\acw_template.ilk
\\adir.hull.ac.uk\home\561\561298\year 2 semester 2\advanced programming\acw_template\x64\debug\acw_template.pdb
g:\year 2 semester 2\advanced programming\acw_template\x64\debug\acw_template.exe
g:\year 2 semester 2\advanced programming\acw_template\x64\debug\acw_template.ilk
g:\year 2 semester 2\advanced programming\acw_template\x64\debug\acw_template.pdb
g:\year 2 semester 2\advanced programming\acw_template\x64\debug\main.obj
g:\year 2 semester 2\advanced programming\acw_template\x64\debug\navigation.obj
g:\year 2 semester 2\advanced programming\acw_template\x64\debug\acw_template.tlog\cl.command.1.tlog
g:\year 2 semester 2\advanced programming\acw_template\x64\debug\acw_template.tlog\cl.read.1.tlog
g:\year 2 semester 2\advanced programming\acw_template\x64\debug\acw_template.tlog\cl.write.1.tlog
g:\year 2 semester 2\advanced programming\acw_template\x64\debug\acw_template.tlog\link.command.1.tlog
g:\year 2 semester 2\advanced programming\acw_template\x64\debug\acw_template.tlog\link.read.1.tlog
g:\year 2 semester 2\advanced programming\acw_template\x64\debug\acw_template.tlog\link.write.1.tlog
